#
# A fatal error has been detected by the Java Runtime Environment:
#
#  EXCEPTION_ACCESS_VIOLATION (0xc0000005) at pc=0x00007ff899e41610, pid=16312, tid=21800
#
# JRE version: Java(TM) SE Runtime Environment (16.0.1+9) (build 16.0.1+9-24)
# Java VM: Java HotSpot(TM) 64-Bit Server VM (16.0.1+9-24, mixed mode, sharing, tiered, compressed oops, compressed class ptrs, g1 gc, windows-amd64)
# Problematic frame:
# C  [JavaController.dll+0x1610]
#
# No core dump will be written. Minidumps are not enabled by default on client versions of Windows
#
# If you would like to submit a bug report, please visit:
#   https://bugreport.java.com/bugreport/crash.jsp
# The crash happened outside the Java Virtual Machine in native code.
# See problematic frame for where to report the bug.
#

---------------  S U M M A R Y ------------

Command Line: -Djava.library.path=D:/Webots/lib/controller/java EPuckGoForward

Host: Intel(R) Core(TM) i7-8750H CPU @ 2.20GHz, 12 cores, 7G,  Windows 10 , 64 bit Build 19041 (10.0.19041.1348)
Time: Fri Nov 26 15:18:06 2021 FLE Standard Time elapsed time: 0.111342 seconds (0d 0h 0m 0s)

---------------  T H R E A D  ---------------

Current thread (0x0000024025c1a1f0):  JavaThread "main" [_thread_in_native, id=21800, stack(0x000000e5ff100000,0x000000e5ff200000)]

Stack: [0x000000e5ff100000,0x000000e5ff200000],  sp=0x000000e5ff1fee80,  free space=1019k
Native frames: (J=compiled Java code, j=interpreted, Vv=VM code, C=native code)
C  [JavaController.dll+0x1610]

Java frames: (J=compiled Java code, j=interpreted, Vv=VM code)
j  com.cyberbotics.webots.controller.wrapperJNI.Accelerometer_getValues(JLcom/cyberbotics/webots/controller/Accelerometer;)[D+0
j  com.cyberbotics.webots.controller.Accelerometer.getValues()[D+5
j  EPuckGoForward.main([Ljava/lang/String;)V+139
v  ~StubRoutines::call_stub

siginfo: EXCEPTION_ACCESS_VIOLATION (0xc0000005), reading address 0x0000000000000000


Register to memory mapping:

RIP=0x00007ff899e41610 JavaController.dll
RAX=0x0 is NULL
RBX=0x0000000000000003 is an unknown value
RCX=0x0000024023a508c0 points into unknown readable memory: 0x7372657300000002 | 02 00 00 00 73 65 72 73
RDX=0x0000000000000003 is an unknown value
RSP=0x000000e5ff1fee80 is pointing into the stack for thread: 0x0000024025c1a1f0
RBP=0x0000024025cf3000 points into unknown readable memory: 0x000000008a07f280 | 80 f2 07 8a 00 00 00 00
RSI=0x0 is NULL
RDI=0x0000024025c1a500 points into unknown readable memory: 0x00007ff83f9333d0 | d0 33 93 3f f8 7f 00 00
R8 =0x0000024044ceec60 points into unknown readable memory: 0x0000000000000000 | 00 00 00 00 00 00 00 00
R9 =0x000000008a07f290 is pointing into object: [D 
{0x000000008a07f280} - klass: {type array double}
 - length: 3
R10=0x0000000000000240 is an unknown value
R11=0x00000000c49141c2 is an unallocated location in the heap
R12=0x0 is NULL
R13={method} {0x000002404480ba60} 'Accelerometer_getValues' '(JLcom/cyberbotics/webots/controller/Accelerometer;)[D' in 'com/cyberbotics/webots/controller/wrapperJNI'
R14=0x000000e5ff1fefe8 is pointing into the stack for thread: 0x0000024025c1a1f0
R15=0x0000024025c1a1f0 is a thread


Registers:
RAX=0x0000000000000000, RBX=0x0000000000000003, RCX=0x0000024023a508c0, RDX=0x0000000000000003
RSP=0x000000e5ff1fee80, RBP=0x0000024025cf3000, RSI=0x0000000000000000, RDI=0x0000024025c1a500
R8 =0x0000024044ceec60, R9 =0x000000008a07f290, R10=0x0000000000000240, R11=0x00000000c49141c2
R12=0x0000000000000000, R13=0x000002404480ba58, R14=0x000000e5ff1fefe8, R15=0x0000024025c1a1f0
RIP=0x00007ff899e41610, EFLAGS=0x0000000000010206

Top of Stack: (sp=0x000000e5ff1fee80)
0x000000e5ff1fee80:   0000024025cf3000 0000024025c1a500
0x000000e5ff1fee90:   0000000000000000 000000e5ff1fefe8
0x000000e5ff1feea0:   0000024044198b60 000000e5ff1feef0
0x000000e5ff1feeb0:   0000000000000000 0000024025c1a500
0x000000e5ff1feec0:   000000e5ff1fefb8 00007ff899e4912d
0x000000e5ff1feed0:   0000024044198b60 0000000000000000
0x000000e5ff1feee0:   000002404480ba58 0000024025c1a1f0
0x000000e5ff1feef0:   000000e5ff1fef00 0000000000000009
0x000000e5ff1fef00:   65756c6156746567 0000024044800073
0x000000e5ff1fef10:   000002404480ba58 0000000000000000
0x000000e5ff1fef20:   000002402d3a9626 000002402d3add22
0x000000e5ff1fef30:   000002402d3a9626 000002402d3ada1c
0x000000e5ff1fef40:   000002404480ba58 0000000000000000
0x000000e5ff1fef50:   0000024025c1a1f0 000002402d3ad9d6
0x000000e5ff1fef60:   000002404482f578 000002402d3ad9d6
0x000000e5ff1fef70:   000000e5ff1fef70 000002404480ba58 

Instructions: (pc=0x00007ff899e41610)
0x00007ff899e41510:   ff 90 e8 05 00 00 49 89 c0 48 85 c0 74 40 85 db
0x00007ff899e41520:   7e 1b 89 da b8 00 00 00 00 f3 0f 10 04 86 f3 41
0x00007ff899e41530:   0f 11 04 80 48 83 c0 01 48 39 d0 75 ec 48 8b 07
0x00007ff899e41540:   41 b9 00 00 00 00 48 89 ea 48 89 f9 ff 90 28 06
0x00007ff899e41550:   00 00 48 89 e8 48 83 c4 28 5b 5e 5f 5d c3 48 89
0x00007ff899e41560:   c5 eb ef 55 57 56 53 48 83 ec 28 48 89 cf 48 89
0x00007ff899e41570:   d3 4c 89 c6 4c 89 cd 48 8b 01 4c 89 ca ff 90 58
0x00007ff899e41580:   05 00 00 85 c0 7e 1a 89 c2 b8 00 00 00 00 f2 0f
0x00007ff899e41590:   10 04 c6 f2 0f 11 04 c3 48 83 c0 01 48 39 d0 75
0x00007ff899e415a0:   ed 48 8b 07 41 b9 00 00 00 00 49 89 d8 48 89 ea
0x00007ff899e415b0:   48 89 f9 ff 90 30 06 00 00 90 48 83 c4 28 5b 5e
0x00007ff899e415c0:   5f 5d c3 55 57 56 53 48 83 ec 28 48 89 cf 48 89
0x00007ff899e415d0:   d6 44 89 c3 48 8b 01 44 89 c2 ff 90 b0 05 00 00
0x00007ff899e415e0:   48 89 c5 48 85 c0 74 51 48 8b 07 41 b8 00 00 00
0x00007ff899e415f0:   00 48 89 ea 48 89 f9 ff 90 f0 05 00 00 49 89 c0
0x00007ff899e41600:   48 85 c0 74 40 85 db 7e 1b 89 da b8 00 00 00 00
0x00007ff899e41610:   f2 0f 10 04 c6 f2 41 0f 11 04 c0 48 83 c0 01 48
0x00007ff899e41620:   39 d0 75 ec 48 8b 07 41 b9 00 00 00 00 48 89 ea
0x00007ff899e41630:   48 89 f9 ff 90 30 06 00 00 48 89 e8 48 83 c4 28
0x00007ff899e41640:   5b 5e 5f 5d c3 48 89 c5 eb ef 41 54 55 57 56 53
0x00007ff899e41650:   48 83 ec 20 48 89 cd 48 89 d6 4c 89 c7 4d 89 cc
0x00007ff899e41660:   4d 85 c9 74 7f 48 8b 01 4c 89 ca ff 90 58 05 00
0x00007ff899e41670:   00 89 c3 48 8b 45 00 41 b8 00 00 00 00 4c 89 e2
0x00007ff899e41680:   48 89 e9 ff 90 d8 05 00 00 48 89 06 48 85 c0 74
0x00007ff899e41690:   70 48 63 cb 48 b8 fe ff ff ff ff ff ff 1f 48 39
0x00007ff899e416a0:   c1 77 59 48 c1 e1 02 e8 fc e3 00 00 48 89 07 41
0x00007ff899e416b0:   89 d9 49 c1 e1 02 b8 00 00 00 00 85 db 7e 49 48
0x00007ff899e416c0:   8b 16 8b 0c 02 48 8b 17 89 0c 02 48 83 c0 04 4c
0x00007ff899e416d0:   39 c8 75 eb b8 01 00 00 00 48 83 c4 20 5b 5e 5f
0x00007ff899e416e0:   5d 41 5c c3 4c 8d 05 15 09 01 00 ba 07 00 00 00
0x00007ff899e416f0:   e8 ab fc ff ff b8 00 00 00 00 eb dd e8 97 e3 00
0x00007ff899e41700:   00 b8 00 00 00 00 eb d1 b8 01 00 00 00 eb ca 41 


Stack slot to memory mapping:
stack at sp + 0 slots: 0x0000024025cf3000 points into unknown readable memory: 0x000000008a07f280 | 80 f2 07 8a 00 00 00 00
stack at sp + 1 slots: 0x0000024025c1a500 points into unknown readable memory: 0x00007ff83f9333d0 | d0 33 93 3f f8 7f 00 00
stack at sp + 2 slots: 0x0 is NULL
stack at sp + 3 slots: 0x000000e5ff1fefe8 is pointing into the stack for thread: 0x0000024025c1a1f0
stack at sp + 4 slots: 0x0000024044198b60 points into unknown readable memory: 0x00007ff8880e8790 | 90 87 0e 88 f8 7f 00 00
stack at sp + 5 slots: 0x000000e5ff1feef0 is pointing into the stack for thread: 0x0000024025c1a1f0
stack at sp + 6 slots: 0x0 is NULL
stack at sp + 7 slots: 0x0000024025c1a500 points into unknown readable memory: 0x00007ff83f9333d0 | d0 33 93 3f f8 7f 00 00


---------------  P R O C E S S  ---------------

Threads class SMR info:
_java_thread_list=0x0000024044c98350, length=12, elements={
0x0000024025c1a1f0, 0x0000024043fab390, 0x0000024043fabd70, 0x0000024043fbd560,
0x0000024043fbdc80, 0x0000024043fc02b0, 0x0000024043fc47e0, 0x0000024043fc50e0,
0x0000024043fc56f0, 0x0000024043fc6050, 0x0000024044cb8fd0, 0x0000024044cc0020
}

Java Threads: ( => current thread )
=>0x0000024025c1a1f0 JavaThread "main" [_thread_in_native, id=21800, stack(0x000000e5ff100000,0x000000e5ff200000)]
  0x0000024043fab390 JavaThread "Reference Handler" daemon [_thread_blocked, id=20032, stack(0x000000e5ff800000,0x000000e5ff900000)]
  0x0000024043fabd70 JavaThread "Finalizer" daemon [_thread_blocked, id=16780, stack(0x000000e5ff900000,0x000000e5ffa00000)]
  0x0000024043fbd560 JavaThread "Signal Dispatcher" daemon [_thread_blocked, id=2112, stack(0x000000e5ffa00000,0x000000e5ffb00000)]
  0x0000024043fbdc80 JavaThread "Attach Listener" daemon [_thread_blocked, id=16980, stack(0x000000e5ffb00000,0x000000e5ffc00000)]
  0x0000024043fc02b0 JavaThread "Service Thread" daemon [_thread_blocked, id=20852, stack(0x000000e5ffc00000,0x000000e5ffd00000)]
  0x0000024043fc47e0 JavaThread "Monitor Deflation Thread" daemon [_thread_blocked, id=14800, stack(0x000000e5ffd00000,0x000000e5ffe00000)]
  0x0000024043fc50e0 JavaThread "C2 CompilerThread0" daemon [_thread_blocked, id=13688, stack(0x000000e5ffe00000,0x000000e5fff00000)]
  0x0000024043fc56f0 JavaThread "C1 CompilerThread0" daemon [_thread_blocked, id=7416, stack(0x000000e5fff00000,0x000000e600000000)]
  0x0000024043fc6050 JavaThread "Sweeper thread" daemon [_thread_blocked, id=10236, stack(0x000000e580000000,0x000000e580100000)]
  0x0000024044cb8fd0 JavaThread "Notification Thread" daemon [_thread_blocked, id=8832, stack(0x000000e580100000,0x000000e580200000)]
  0x0000024044cc0020 JavaThread "Common-Cleaner" daemon [_thread_blocked, id=22488, stack(0x000000e580300000,0x000000e580400000)]

Other Threads:
  0x0000024043fa7830 VMThread "VM Thread" [stack: 0x000000e5ff700000,0x000000e5ff800000] [id=1092]
  0x0000024044cbfd30 WatcherThread [stack: 0x000000e580200000,0x000000e580300000] [id=21436]
  0x0000024025c5c860 GCTaskThread "GC Thread#0" [stack: 0x000000e5ff200000,0x000000e5ff300000] [id=14856]
  0x0000024025c6ebe0 ConcurrentGCThread "G1 Main Marker" [stack: 0x000000e5ff300000,0x000000e5ff400000] [id=20824]
  0x0000024025c6f5e0 ConcurrentGCThread "G1 Conc#0" [stack: 0x000000e5ff400000,0x000000e5ff500000] [id=20920]
  0x0000024025cf4ac0 ConcurrentGCThread "G1 Refine#0" [stack: 0x000000e5ff500000,0x000000e5ff600000] [id=19816]
  0x0000024043e601f0 ConcurrentGCThread "G1 Service" [stack: 0x000000e5ff600000,0x000000e5ff700000] [id=2380]

Threads with active compile tasks:

VM state: not at safepoint (normal execution)

VM Mutex/Monitor currently owned by a thread: None

Heap address: 0x0000000082400000, size: 2012 MB, Compressed Oops mode: 32-bit

CDS archive(s) mapped at: [0x0000000800000000-0x0000000800bb0000-0x0000000800bb0000), size 12255232, SharedBaseAddress: 0x0000000800000000, ArchiveRelocationMode: 0.
Compressed class space mapped at: 0x0000000800c00000-0x0000000840c00000, reserved size: 1073741824
Narrow klass base: 0x0000000800000000, Narrow klass shift: 3, Narrow klass range: 0x100000000

GC Precious Log:
 CPUs: 12 total, 12 available
 Memory: 8042M
 Large Page Support: Disabled
 NUMA Support: Disabled
 Compressed Oops: Enabled (32-bit)
 Heap Region Size: 1M
 Heap Min Capacity: 8M
 Heap Initial Capacity: 126M
 Heap Max Capacity: 2012M
 Pre-touch: Disabled
 Parallel Workers: 10
 Concurrent Workers: 3
 Concurrent Refinement Workers: 10
 Periodic GC: Disabled

Heap:
 garbage-first heap   total 129024K, used 1024K [0x0000000082400000, 0x0000000100000000)
  region size 1024K, 2 young (2048K), 0 survivors (0K)
 Metaspace       used 440K, committed 640K, reserved 1056768K
  class space    used 20K, committed 128K, reserved 1048576K

Heap Regions: E=young(eden), S=young(survivor), O=old, HS=humongous(starts), HC=humongous(continues), CS=collection set, F=free, OA=open archive, CA=closed archive, TAMS=top-at-mark-start (previous, next)
|   0|0x0000000082400000, 0x0000000082400000, 0x0000000082500000|  0%| F|  |TAMS 0x0000000082400000, 0x0000000082400000| Untracked 
|   1|0x0000000082500000, 0x0000000082500000, 0x0000000082600000|  0%| F|  |TAMS 0x0000000082500000, 0x0000000082500000| Untracked 
|   2|0x0000000082600000, 0x0000000082600000, 0x0000000082700000|  0%| F|  |TAMS 0x0000000082600000, 0x0000000082600000| Untracked 
|   3|0x0000000082700000, 0x0000000082700000, 0x0000000082800000|  0%| F|  |TAMS 0x0000000082700000, 0x0000000082700000| Untracked 
|   4|0x0000000082800000, 0x0000000082800000, 0x0000000082900000|  0%| F|  |TAMS 0x0000000082800000, 0x0000000082800000| Untracked 
|   5|0x0000000082900000, 0x0000000082900000, 0x0000000082a00000|  0%| F|  |TAMS 0x0000000082900000, 0x0000000082900000| Untracked 
|   6|0x0000000082a00000, 0x0000000082a00000, 0x0000000082b00000|  0%| F|  |TAMS 0x0000000082a00000, 0x0000000082a00000| Untracked 
|   7|0x0000000082b00000, 0x0000000082b00000, 0x0000000082c00000|  0%| F|  |TAMS 0x0000000082b00000, 0x0000000082b00000| Untracked 
|   8|0x0000000082c00000, 0x0000000082c00000, 0x0000000082d00000|  0%| F|  |TAMS 0x0000000082c00000, 0x0000000082c00000| Untracked 
|   9|0x0000000082d00000, 0x0000000082d00000, 0x0000000082e00000|  0%| F|  |TAMS 0x0000000082d00000, 0x0000000082d00000| Untracked 
|  10|0x0000000082e00000, 0x0000000082e00000, 0x0000000082f00000|  0%| F|  |TAMS 0x0000000082e00000, 0x0000000082e00000| Untracked 
|  11|0x0000000082f00000, 0x0000000082f00000, 0x0000000083000000|  0%| F|  |TAMS 0x0000000082f00000, 0x0000000082f00000| Untracked 
|  12|0x0000000083000000, 0x0000000083000000, 0x0000000083100000|  0%| F|  |TAMS 0x0000000083000000, 0x0000000083000000| Untracked 
|  13|0x0000000083100000, 0x0000000083100000, 0x0000000083200000|  0%| F|  |TAMS 0x0000000083100000, 0x0000000083100000| Untracked 
|  14|0x0000000083200000, 0x0000000083200000, 0x0000000083300000|  0%| F|  |TAMS 0x0000000083200000, 0x0000000083200000| Untracked 
|  15|0x0000000083300000, 0x0000000083300000, 0x0000000083400000|  0%| F|  |TAMS 0x0000000083300000, 0x0000000083300000| Untracked 
|  16|0x0000000083400000, 0x0000000083400000, 0x0000000083500000|  0%| F|  |TAMS 0x0000000083400000, 0x0000000083400000| Untracked 
|  17|0x0000000083500000, 0x0000000083500000, 0x0000000083600000|  0%| F|  |TAMS 0x0000000083500000, 0x0000000083500000| Untracked 
|  18|0x0000000083600000, 0x0000000083600000, 0x0000000083700000|  0%| F|  |TAMS 0x0000000083600000, 0x0000000083600000| Untracked 
|  19|0x0000000083700000, 0x0000000083700000, 0x0000000083800000|  0%| F|  |TAMS 0x0000000083700000, 0x0000000083700000| Untracked 
|  20|0x0000000083800000, 0x0000000083800000, 0x0000000083900000|  0%| F|  |TAMS 0x0000000083800000, 0x0000000083800000| Untracked 
|  21|0x0000000083900000, 0x0000000083900000, 0x0000000083a00000|  0%| F|  |TAMS 0x0000000083900000, 0x0000000083900000| Untracked 
|  22|0x0000000083a00000, 0x0000000083a00000, 0x0000000083b00000|  0%| F|  |TAMS 0x0000000083a00000, 0x0000000083a00000| Untracked 
|  23|0x0000000083b00000, 0x0000000083b00000, 0x0000000083c00000|  0%| F|  |TAMS 0x0000000083b00000, 0x0000000083b00000| Untracked 
|  24|0x0000000083c00000, 0x0000000083c00000, 0x0000000083d00000|  0%| F|  |TAMS 0x0000000083c00000, 0x0000000083c00000| Untracked 
|  25|0x0000000083d00000, 0x0000000083d00000, 0x0000000083e00000|  0%| F|  |TAMS 0x0000000083d00000, 0x0000000083d00000| Untracked 
|  26|0x0000000083e00000, 0x0000000083e00000, 0x0000000083f00000|  0%| F|  |TAMS 0x0000000083e00000, 0x0000000083e00000| Untracked 
|  27|0x0000000083f00000, 0x0000000083f00000, 0x0000000084000000|  0%| F|  |TAMS 0x0000000083f00000, 0x0000000083f00000| Untracked 
|  28|0x0000000084000000, 0x0000000084000000, 0x0000000084100000|  0%| F|  |TAMS 0x0000000084000000, 0x0000000084000000| Untracked 
|  29|0x0000000084100000, 0x0000000084100000, 0x0000000084200000|  0%| F|  |TAMS 0x0000000084100000, 0x0000000084100000| Untracked 
|  30|0x0000000084200000, 0x0000000084200000, 0x0000000084300000|  0%| F|  |TAMS 0x0000000084200000, 0x0000000084200000| Untracked 
|  31|0x0000000084300000, 0x0000000084300000, 0x0000000084400000|  0%| F|  |TAMS 0x0000000084300000, 0x0000000084300000| Untracked 
|  32|0x0000000084400000, 0x0000000084400000, 0x0000000084500000|  0%| F|  |TAMS 0x0000000084400000, 0x0000000084400000| Untracked 
|  33|0x0000000084500000, 0x0000000084500000, 0x0000000084600000|  0%| F|  |TAMS 0x0000000084500000, 0x0000000084500000| Untracked 
|  34|0x0000000084600000, 0x0000000084600000, 0x0000000084700000|  0%| F|  |TAMS 0x0000000084600000, 0x0000000084600000| Untracked 
|  35|0x0000000084700000, 0x0000000084700000, 0x0000000084800000|  0%| F|  |TAMS 0x0000000084700000, 0x0000000084700000| Untracked 
|  36|0x0000000084800000, 0x0000000084800000, 0x0000000084900000|  0%| F|  |TAMS 0x0000000084800000, 0x0000000084800000| Untracked 
|  37|0x0000000084900000, 0x0000000084900000, 0x0000000084a00000|  0%| F|  |TAMS 0x0000000084900000, 0x0000000084900000| Untracked 
|  38|0x0000000084a00000, 0x0000000084a00000, 0x0000000084b00000|  0%| F|  |TAMS 0x0000000084a00000, 0x0000000084a00000| Untracked 
|  39|0x0000000084b00000, 0x0000000084b00000, 0x0000000084c00000|  0%| F|  |TAMS 0x0000000084b00000, 0x0000000084b00000| Untracked 
|  40|0x0000000084c00000, 0x0000000084c00000, 0x0000000084d00000|  0%| F|  |TAMS 0x0000000084c00000, 0x0000000084c00000| Untracked 
|  41|0x0000000084d00000, 0x0000000084d00000, 0x0000000084e00000|  0%| F|  |TAMS 0x0000000084d00000, 0x0000000084d00000| Untracked 
|  42|0x0000000084e00000, 0x0000000084e00000, 0x0000000084f00000|  0%| F|  |TAMS 0x0000000084e00000, 0x0000000084e00000| Untracked 
|  43|0x0000000084f00000, 0x0000000084f00000, 0x0000000085000000|  0%| F|  |TAMS 0x0000000084f00000, 0x0000000084f00000| Untracked 
|  44|0x0000000085000000, 0x0000000085000000, 0x0000000085100000|  0%| F|  |TAMS 0x0000000085000000, 0x0000000085000000| Untracked 
|  45|0x0000000085100000, 0x0000000085100000, 0x0000000085200000|  0%| F|  |TAMS 0x0000000085100000, 0x0000000085100000| Untracked 
|  46|0x0000000085200000, 0x0000000085200000, 0x0000000085300000|  0%| F|  |TAMS 0x0000000085200000, 0x0000000085200000| Untracked 
|  47|0x0000000085300000, 0x0000000085300000, 0x0000000085400000|  0%| F|  |TAMS 0x0000000085300000, 0x0000000085300000| Untracked 
|  48|0x0000000085400000, 0x0000000085400000, 0x0000000085500000|  0%| F|  |TAMS 0x0000000085400000, 0x0000000085400000| Untracked 
|  49|0x0000000085500000, 0x0000000085500000, 0x0000000085600000|  0%| F|  |TAMS 0x0000000085500000, 0x0000000085500000| Untracked 
|  50|0x0000000085600000, 0x0000000085600000, 0x0000000085700000|  0%| F|  |TAMS 0x0000000085600000, 0x0000000085600000| Untracked 
|  51|0x0000000085700000, 0x0000000085700000, 0x0000000085800000|  0%| F|  |TAMS 0x0000000085700000, 0x0000000085700000| Untracked 
|  52|0x0000000085800000, 0x0000000085800000, 0x0000000085900000|  0%| F|  |TAMS 0x0000000085800000, 0x0000000085800000| Untracked 
|  53|0x0000000085900000, 0x0000000085900000, 0x0000000085a00000|  0%| F|  |TAMS 0x0000000085900000, 0x0000000085900000| Untracked 
|  54|0x0000000085a00000, 0x0000000085a00000, 0x0000000085b00000|  0%| F|  |TAMS 0x0000000085a00000, 0x0000000085a00000| Untracked 
|  55|0x0000000085b00000, 0x0000000085b00000, 0x0000000085c00000|  0%| F|  |TAMS 0x0000000085b00000, 0x0000000085b00000| Untracked 
|  56|0x0000000085c00000, 0x0000000085c00000, 0x0000000085d00000|  0%| F|  |TAMS 0x0000000085c00000, 0x0000000085c00000| Untracked 
|  57|0x0000000085d00000, 0x0000000085d00000, 0x0000000085e00000|  0%| F|  |TAMS 0x0000000085d00000, 0x0000000085d00000| Untracked 
|  58|0x0000000085e00000, 0x0000000085e00000, 0x0000000085f00000|  0%| F|  |TAMS 0x0000000085e00000, 0x0000000085e00000| Untracked 
|  59|0x0000000085f00000, 0x0000000085f00000, 0x0000000086000000|  0%| F|  |TAMS 0x0000000085f00000, 0x0000000085f00000| Untracked 
|  60|0x0000000086000000, 0x0000000086000000, 0x0000000086100000|  0%| F|  |TAMS 0x0000000086000000, 0x0000000086000000| Untracked 
|  61|0x0000000086100000, 0x0000000086100000, 0x0000000086200000|  0%| F|  |TAMS 0x0000000086100000, 0x0000000086100000| Untracked 
|  62|0x0000000086200000, 0x0000000086200000, 0x0000000086300000|  0%| F|  |TAMS 0x0000000086200000, 0x0000000086200000| Untracked 
|  63|0x0000000086300000, 0x0000000086300000, 0x0000000086400000|  0%| F|  |TAMS 0x0000000086300000, 0x0000000086300000| Untracked 
|  64|0x0000000086400000, 0x0000000086400000, 0x0000000086500000|  0%| F|  |TAMS 0x0000000086400000, 0x0000000086400000| Untracked 
|  65|0x0000000086500000, 0x0000000086500000, 0x0000000086600000|  0%| F|  |TAMS 0x0000000086500000, 0x0000000086500000| Untracked 
|  66|0x0000000086600000, 0x0000000086600000, 0x0000000086700000|  0%| F|  |TAMS 0x0000000086600000, 0x0000000086600000| Untracked 
|  67|0x0000000086700000, 0x0000000086700000, 0x0000000086800000|  0%| F|  |TAMS 0x0000000086700000, 0x0000000086700000| Untracked 
|  68|0x0000000086800000, 0x0000000086800000, 0x0000000086900000|  0%| F|  |TAMS 0x0000000086800000, 0x0000000086800000| Untracked 
|  69|0x0000000086900000, 0x0000000086900000, 0x0000000086a00000|  0%| F|  |TAMS 0x0000000086900000, 0x0000000086900000| Untracked 
|  70|0x0000000086a00000, 0x0000000086a00000, 0x0000000086b00000|  0%| F|  |TAMS 0x0000000086a00000, 0x0000000086a00000| Untracked 
|  71|0x0000000086b00000, 0x0000000086b00000, 0x0000000086c00000|  0%| F|  |TAMS 0x0000000086b00000, 0x0000000086b00000| Untracked 
|  72|0x0000000086c00000, 0x0000000086c00000, 0x0000000086d00000|  0%| F|  |TAMS 0x0000000086c00000, 0x0000000086c00000| Untracked 
|  73|0x0000000086d00000, 0x0000000086d00000, 0x0000000086e00000|  0%| F|  |TAMS 0x0000000086d00000, 0x0000000086d00000| Untracked 
|  74|0x0000000086e00000, 0x0000000086e00000, 0x0000000086f00000|  0%| F|  |TAMS 0x0000000086e00000, 0x0000000086e00000| Untracked 
|  75|0x0000000086f00000, 0x0000000086f00000, 0x0000000087000000|  0%| F|  |TAMS 0x0000000086f00000, 0x0000000086f00000| Untracked 
|  76|0x0000000087000000, 0x0000000087000000, 0x0000000087100000|  0%| F|  |TAMS 0x0000000087000000, 0x0000000087000000| Untracked 
|  77|0x0000000087100000, 0x0000000087100000, 0x0000000087200000|  0%| F|  |TAMS 0x0000000087100000, 0x0000000087100000| Untracked 
|  78|0x0000000087200000, 0x0000000087200000, 0x0000000087300000|  0%| F|  |TAMS 0x0000000087200000, 0x0000000087200000| Untracked 
|  79|0x0000000087300000, 0x0000000087300000, 0x0000000087400000|  0%| F|  |TAMS 0x0000000087300000, 0x0000000087300000| Untracked 
|  80|0x0000000087400000, 0x0000000087400000, 0x0000000087500000|  0%| F|  |TAMS 0x0000000087400000, 0x0000000087400000| Untracked 
|  81|0x0000000087500000, 0x0000000087500000, 0x0000000087600000|  0%| F|  |TAMS 0x0000000087500000, 0x0000000087500000| Untracked 
|  82|0x0000000087600000, 0x0000000087600000, 0x0000000087700000|  0%| F|  |TAMS 0x0000000087600000, 0x0000000087600000| Untracked 
|  83|0x0000000087700000, 0x0000000087700000, 0x0000000087800000|  0%| F|  |TAMS 0x0000000087700000, 0x0000000087700000| Untracked 
|  84|0x0000000087800000, 0x0000000087800000, 0x0000000087900000|  0%| F|  |TAMS 0x0000000087800000, 0x0000000087800000| Untracked 
|  85|0x0000000087900000, 0x0000000087900000, 0x0000000087a00000|  0%| F|  |TAMS 0x0000000087900000, 0x0000000087900000| Untracked 
|  86|0x0000000087a00000, 0x0000000087a00000, 0x0000000087b00000|  0%| F|  |TAMS 0x0000000087a00000, 0x0000000087a00000| Untracked 
|  87|0x0000000087b00000, 0x0000000087b00000, 0x0000000087c00000|  0%| F|  |TAMS 0x0000000087b00000, 0x0000000087b00000| Untracked 
|  88|0x0000000087c00000, 0x0000000087c00000, 0x0000000087d00000|  0%| F|  |TAMS 0x0000000087c00000, 0x0000000087c00000| Untracked 
|  89|0x0000000087d00000, 0x0000000087d00000, 0x0000000087e00000|  0%| F|  |TAMS 0x0000000087d00000, 0x0000000087d00000| Untracked 
|  90|0x0000000087e00000, 0x0000000087e00000, 0x0000000087f00000|  0%| F|  |TAMS 0x0000000087e00000, 0x0000000087e00000| Untracked 
|  91|0x0000000087f00000, 0x0000000087f00000, 0x0000000088000000|  0%| F|  |TAMS 0x0000000087f00000, 0x0000000087f00000| Untracked 
|  92|0x0000000088000000, 0x0000000088000000, 0x0000000088100000|  0%| F|  |TAMS 0x0000000088000000, 0x0000000088000000| Untracked 
|  93|0x0000000088100000, 0x0000000088100000, 0x0000000088200000|  0%| F|  |TAMS 0x0000000088100000, 0x0000000088100000| Untracked 
|  94|0x0000000088200000, 0x0000000088200000, 0x0000000088300000|  0%| F|  |TAMS 0x0000000088200000, 0x0000000088200000| Untracked 
|  95|0x0000000088300000, 0x0000000088300000, 0x0000000088400000|  0%| F|  |TAMS 0x0000000088300000, 0x0000000088300000| Untracked 
|  96|0x0000000088400000, 0x0000000088400000, 0x0000000088500000|  0%| F|  |TAMS 0x0000000088400000, 0x0000000088400000| Untracked 
|  97|0x0000000088500000, 0x0000000088500000, 0x0000000088600000|  0%| F|  |TAMS 0x0000000088500000, 0x0000000088500000| Untracked 
|  98|0x0000000088600000, 0x0000000088600000, 0x0000000088700000|  0%| F|  |TAMS 0x0000000088600000, 0x0000000088600000| Untracked 
|  99|0x0000000088700000, 0x0000000088700000, 0x0000000088800000|  0%| F|  |TAMS 0x0000000088700000, 0x0000000088700000| Untracked 
| 100|0x0000000088800000, 0x0000000088800000, 0x0000000088900000|  0%| F|  |TAMS 0x0000000088800000, 0x0000000088800000| Untracked 
| 101|0x0000000088900000, 0x0000000088900000, 0x0000000088a00000|  0%| F|  |TAMS 0x0000000088900000, 0x0000000088900000| Untracked 
| 102|0x0000000088a00000, 0x0000000088a00000, 0x0000000088b00000|  0%| F|  |TAMS 0x0000000088a00000, 0x0000000088a00000| Untracked 
| 103|0x0000000088b00000, 0x0000000088b00000, 0x0000000088c00000|  0%| F|  |TAMS 0x0000000088b00000, 0x0000000088b00000| Untracked 
| 104|0x0000000088c00000, 0x0000000088c00000, 0x0000000088d00000|  0%| F|  |TAMS 0x0000000088c00000, 0x0000000088c00000| Untracked 
| 105|0x0000000088d00000, 0x0000000088d00000, 0x0000000088e00000|  0%| F|  |TAMS 0x0000000088d00000, 0x0000000088d00000| Untracked 
| 106|0x0000000088e00000, 0x0000000088e00000, 0x0000000088f00000|  0%| F|  |TAMS 0x0000000088e00000, 0x0000000088e00000| Untracked 
| 107|0x0000000088f00000, 0x0000000088f00000, 0x0000000089000000|  0%| F|  |TAMS 0x0000000088f00000, 0x0000000088f00000| Untracked 
| 108|0x0000000089000000, 0x0000000089000000, 0x0000000089100000|  0%| F|  |TAMS 0x0000000089000000, 0x0000000089000000| Untracked 
| 109|0x0000000089100000, 0x0000000089100000, 0x0000000089200000|  0%| F|  |TAMS 0x0000000089100000, 0x0000000089100000| Untracked 
| 110|0x0000000089200000, 0x0000000089200000, 0x0000000089300000|  0%| F|  |TAMS 0x0000000089200000, 0x0000000089200000| Untracked 
| 111|0x0000000089300000, 0x0000000089300000, 0x0000000089400000|  0%| F|  |TAMS 0x0000000089300000, 0x0000000089300000| Untracked 
| 112|0x0000000089400000, 0x0000000089400000, 0x0000000089500000|  0%| F|  |TAMS 0x0000000089400000, 0x0000000089400000| Untracked 
| 113|0x0000000089500000, 0x0000000089500000, 0x0000000089600000|  0%| F|  |TAMS 0x0000000089500000, 0x0000000089500000| Untracked 
| 114|0x0000000089600000, 0x0000000089600000, 0x0000000089700000|  0%| F|  |TAMS 0x0000000089600000, 0x0000000089600000| Untracked 
| 115|0x0000000089700000, 0x0000000089700000, 0x0000000089800000|  0%| F|  |TAMS 0x0000000089700000, 0x0000000089700000| Untracked 
| 116|0x0000000089800000, 0x0000000089800000, 0x0000000089900000|  0%| F|  |TAMS 0x0000000089800000, 0x0000000089800000| Untracked 
| 117|0x0000000089900000, 0x0000000089900000, 0x0000000089a00000|  0%| F|  |TAMS 0x0000000089900000, 0x0000000089900000| Untracked 
| 118|0x0000000089a00000, 0x0000000089a00000, 0x0000000089b00000|  0%| F|  |TAMS 0x0000000089a00000, 0x0000000089a00000| Untracked 
| 119|0x0000000089b00000, 0x0000000089b00000, 0x0000000089c00000|  0%| F|  |TAMS 0x0000000089b00000, 0x0000000089b00000| Untracked 
| 120|0x0000000089c00000, 0x0000000089c00000, 0x0000000089d00000|  0%| F|  |TAMS 0x0000000089c00000, 0x0000000089c00000| Untracked 
| 121|0x0000000089d00000, 0x0000000089d00000, 0x0000000089e00000|  0%| F|  |TAMS 0x0000000089d00000, 0x0000000089d00000| Untracked 
| 122|0x0000000089e00000, 0x0000000089e00000, 0x0000000089f00000|  0%| F|  |TAMS 0x0000000089e00000, 0x0000000089e00000| Untracked 
| 123|0x0000000089f00000, 0x0000000089f00000, 0x000000008a000000|  0%| F|  |TAMS 0x0000000089f00000, 0x0000000089f00000| Untracked 
| 124|0x000000008a000000, 0x000000008a0ec738, 0x000000008a100000| 92%| E|  |TAMS 0x000000008a000000, 0x000000008a000000| Complete 
| 125|0x000000008a100000, 0x000000008a200000, 0x000000008a200000|100%| E|CS|TAMS 0x000000008a100000, 0x000000008a100000| Complete 

Card table byte_map: [0x000002403cce0000,0x000002403d0d0000] _byte_map_base: 0x000002403c8ce000

Marking Bits (Prev, Next): (CMBitMap*) 0x0000024025c5de70, (CMBitMap*) 0x0000024025c5deb0
 Prev Bits: [0x000002403d4c0000, 0x000002403f430000)
 Next Bits: [0x000002403f430000, 0x00000240413a0000)

Polling page: 0x0000024025400000

Metaspace:

Usage:
  Non-class:    420.51 KB used.
      Class:     20.27 KB used.
       Both:    440.78 KB used.

Virtual space:
  Non-class space:        8.00 MB reserved,     512.00 KB (  6%) committed,  1 nodes.
      Class space:        1.00 GB reserved,     128.00 KB ( <1%) committed,  1 nodes.
              Both:        1.01 GB reserved,     640.00 KB ( <1%) committed. 

Chunk freelists:
   Non-Class:  3.80 MB
       Class:  3.73 MB
        Both:  7.53 MB

MaxMetaspaceSize: 17179869184.00 GB
CompressedClassSpaceSize: 1.00 GB
 - commit_granule_bytes: 65536.
 - commit_granule_words: 8192.
 - virtual_space_node_default_size: 1048576.
 - enlarge_chunks_in_place: 1.
 - new_chunks_are_fully_committed: 0.
 - uncommit_free_chunks: 1.
 - use_allocation_guard: 0.
 - handle_deallocations: 1.


Internal statistics:

num_allocs_failed_limit: 0.
num_arena_births: 4.
num_arena_deaths: 0.
num_vsnodes_births: 2.
num_vsnodes_deaths: 0.
num_space_committed: 10.
num_space_uncommitted: 0.
num_chunks_returned_to_freelist: 0.
num_chunks_taken_from_freelist: 16.
num_chunk_merges: 0.
num_chunk_splits: 10.
num_chunks_enlarged: 10.
num_purges: 0.

CodeHeap 'non-profiled nmethods': size=120000Kb used=16Kb max_used=16Kb free=119984Kb
 bounds [0x0000024034e70000, 0x00000240350e0000, 0x000002403c3a0000]
CodeHeap 'profiled nmethods': size=120000Kb used=101Kb max_used=101Kb free=119898Kb
 bounds [0x000002402d940000, 0x000002402dbb0000, 0x0000024034e70000]
CodeHeap 'non-nmethods': size=5760Kb used=1094Kb max_used=1106Kb free=4665Kb
 bounds [0x000002402d3a0000, 0x000002402d610000, 0x000002402d940000]
 total_blobs=442 nmethods=81 adapters=274
 compilation: enabled
              stopped_count=0, restarted_count=0
 full_count=0

Compilation events (20 events):
Event: 0.068 Thread 0x0000024043fc56f0   72       3       java.lang.AbstractStringBuilder::append (45 bytes)
Event: 0.068 Thread 0x0000024043fc56f0 nmethod 72 0x000002402d955e90 code [0x000002402d956080, 0x000002402d9563c8]
Event: 0.069 Thread 0x0000024043fc56f0   73       3       java.util.Arrays::copyOfRange (64 bytes)
Event: 0.069 Thread 0x0000024043fc56f0 nmethod 73 0x000002402d956590 code [0x000002402d956800, 0x000002402d957138]
Event: 0.070 Thread 0x0000024043fc56f0   74       3       java.lang.CharacterDataLatin1::getProperties (11 bytes)
Event: 0.070 Thread 0x0000024043fc56f0 nmethod 74 0x000002402d957490 code [0x000002402d957640, 0x000002402d957778]
Event: 0.070 Thread 0x0000024043fc56f0   75       1       java.util.zip.Inflater$InflaterZStreamRef::address (5 bytes)
Event: 0.071 Thread 0x0000024043fc56f0 nmethod 75 0x0000024034e73a10 code [0x0000024034e73ba0, 0x0000024034e73c78]
Event: 0.071 Thread 0x0000024043fc56f0   76       3       java.lang.StringLatin1::lastIndexOf (40 bytes)
Event: 0.071 Thread 0x0000024043fc56f0 nmethod 76 0x000002402d957890 code [0x000002402d957a60, 0x000002402d957e58]
Event: 0.071 Thread 0x0000024043fc56f0   77       3       java.lang.AbstractStringBuilder::putStringAt (34 bytes)
Event: 0.071 Thread 0x0000024043fc56f0 nmethod 77 0x000002402d957f90 code [0x000002402d958160, 0x000002402d958478]
Event: 0.071 Thread 0x0000024043fc56f0   78       3       java.lang.AbstractStringBuilder::getCoder (15 bytes)
Event: 0.071 Thread 0x0000024043fc56f0 nmethod 78 0x000002402d958610 code [0x000002402d9587a0, 0x000002402d9588d8]
Event: 0.071 Thread 0x0000024043fc56f0   80       3       java.lang.AbstractStringBuilder::putStringAt (12 bytes)
Event: 0.071 Thread 0x0000024043fc56f0 nmethod 80 0x000002402d958990 code [0x000002402d958b40, 0x000002402d958d88]
Event: 0.071 Thread 0x0000024043fc56f0   79       3       java.lang.String::getBytes (46 bytes)
Event: 0.072 Thread 0x0000024043fc56f0 nmethod 79 0x000002402d958f10 code [0x000002402d9590e0, 0x000002402d9593f8]
Event: 0.072 Thread 0x0000024043fc56f0   81       1       java.util.zip.ZipCoder$UTF8ZipCoder::isUTF8 (2 bytes)
Event: 0.072 Thread 0x0000024043fc56f0 nmethod 81 0x0000024034e73d10 code [0x0000024034e73ea0, 0x0000024034e73f78]

GC Heap History (0 events):
No events

Deoptimization events (0 events):
No events

Classes unloaded (0 events):
No events

Classes redefined (0 events):
No events

Internal exceptions (0 events):
No events

Events (20 events):
Event: 0.030 Thread 0x0000024043fc56f0 Thread added: 0x0000024043fc56f0
Event: 0.030 Thread 0x0000024043fc6050 Thread added: 0x0000024043fc6050
Event: 0.043 Thread 0x0000024044cb8fd0 Thread added: 0x0000024044cb8fd0
Event: 0.043 loading class java/lang/StringCoding$StringEncoder
Event: 0.043 loading class java/lang/StringCoding$StringEncoder done
Event: 0.045 Thread 0x0000024044cc0020 Thread added: 0x0000024044cc0020
Event: 0.047 Loaded shared library C:\Program Files\Java\jdk-16.0.1\bin\net.dll
Event: 0.049 Loaded shared library C:\Program Files\Java\jdk-16.0.1\bin\nio.dll
Event: 0.052 Loaded shared library C:\Program Files\Java\jdk-16.0.1\bin\zip.dll
Event: 0.052 loading class jdk/internal/loader/URLClassPath$FileLoader
Event: 0.052 loading class jdk/internal/loader/URLClassPath$FileLoader done
Event: 0.053 loading class jdk/internal/loader/URLClassPath$FileLoader$1
Event: 0.053 loading class jdk/internal/loader/URLClassPath$FileLoader$1 done
Event: 0.054 Executing  VM operation: HandshakeAllThreads
Event: 0.054 Executing  VM operation: HandshakeAllThreads done
Event: 0.055 Executing  VM operation: HandshakeAllThreads
Event: 0.055 Executing  VM operation: HandshakeAllThreads done
Event: 0.057 loading class java/lang/UnsatisfiedLinkError
Event: 0.057 loading class java/lang/UnsatisfiedLinkError done
Event: 0.062 Loaded shared library D:\Webots\lib\controller\java\JavaController.dll


Dynamic libraries:
0x00007ff7aa4b0000 - 0x00007ff7aa4c0000 	C:\Program Files\Java\jdk-16.0.1\bin\javaw.exe
0x00007ff8bf850000 - 0x00007ff8bfa45000 	C:\WINDOWS\SYSTEM32\ntdll.dll
0x00007ff8bef60000 - 0x00007ff8bf01e000 	C:\WINDOWS\System32\KERNEL32.DLL
0x00007ff8bd080000 - 0x00007ff8bd348000 	C:\WINDOWS\System32\KERNELBASE.dll
0x00007ff8bd4d0000 - 0x00007ff8bd5d0000 	C:\WINDOWS\System32\ucrtbase.dll
0x00007ff8abbb0000 - 0x00007ff8abbc8000 	C:\Program Files\Java\jdk-16.0.1\bin\jli.dll
0x00007ff8abb00000 - 0x00007ff8abb19000 	C:\Program Files\Java\jdk-16.0.1\bin\VCRUNTIME140.dll
0x00007ff8be730000 - 0x00007ff8be7dc000 	C:\WINDOWS\System32\ADVAPI32.dll
0x00007ff8bf770000 - 0x00007ff8bf80e000 	C:\WINDOWS\System32\msvcrt.dll
0x00007ff8beb40000 - 0x00007ff8bebdb000 	C:\WINDOWS\System32\sechost.dll
0x00007ff8bd8a0000 - 0x00007ff8bd9ca000 	C:\WINDOWS\System32\RPCRT4.dll
0x00007ff8beca0000 - 0x00007ff8bee41000 	C:\WINDOWS\System32\USER32.dll
0x00007ff8ab810000 - 0x00007ff8abaaa000 	C:\WINDOWS\WinSxS\amd64_microsoft.windows.common-controls_6595b64144ccf1df_6.0.19041.1110_none_60b5254171f9507e\COMCTL32.dll
0x00007ff8bd050000 - 0x00007ff8bd072000 	C:\WINDOWS\System32\win32u.dll
0x00007ff8bf740000 - 0x00007ff8bf76b000 	C:\WINDOWS\System32\GDI32.dll
0x00007ff8bd630000 - 0x00007ff8bd73b000 	C:\WINDOWS\System32\gdi32full.dll
0x00007ff8bd350000 - 0x00007ff8bd3ed000 	C:\WINDOWS\System32\msvcp_win.dll
0x00007ff8b6d90000 - 0x00007ff8b6d9a000 	C:\WINDOWS\SYSTEM32\VERSION.dll
0x00007ff8bf3b0000 - 0x00007ff8bf3e0000 	C:\WINDOWS\System32\IMM32.DLL
0x00007ff8b6f50000 - 0x00007ff8b6f5c000 	C:\Program Files\Java\jdk-16.0.1\bin\vcruntime140_1.dll
0x00007ff884150000 - 0x00007ff8841e1000 	C:\Program Files\Java\jdk-16.0.1\bin\msvcp140.dll
0x00007ff83eec0000 - 0x00007ff83fa6b000 	C:\Program Files\Java\jdk-16.0.1\bin\server\jvm.dll
0x00007ff8be720000 - 0x00007ff8be728000 	C:\WINDOWS\System32\PSAPI.DLL
0x00007ff8b6f30000 - 0x00007ff8b6f39000 	C:\WINDOWS\SYSTEM32\WSOCK32.dll
0x00007ff8b00d0000 - 0x00007ff8b00f7000 	C:\WINDOWS\SYSTEM32\WINMM.dll
0x00007ff8be8d0000 - 0x00007ff8be93b000 	C:\WINDOWS\System32\WS2_32.dll
0x00007ff8bb050000 - 0x00007ff8bb062000 	C:\WINDOWS\SYSTEM32\kernel.appcore.dll
0x00007ff8b5c00000 - 0x00007ff8b5c0a000 	C:\Program Files\Java\jdk-16.0.1\bin\jimage.dll
0x00007ff8bad80000 - 0x00007ff8baf64000 	C:\WINDOWS\SYSTEM32\DBGHELP.DLL
0x00007ff8b3db0000 - 0x00007ff8b3ddc000 	C:\WINDOWS\SYSTEM32\dbgcore.DLL
0x00007ff8bd440000 - 0x00007ff8bd4c3000 	C:\WINDOWS\System32\bcryptPrimitives.dll
0x00007ff89e420000 - 0x00007ff89e445000 	C:\Program Files\Java\jdk-16.0.1\bin\java.dll
0x00007ff8bdf80000 - 0x00007ff8be6bf000 	C:\WINDOWS\System32\SHELL32.dll
0x00007ff8bb070000 - 0x00007ff8bb800000 	C:\WINDOWS\SYSTEM32\windows.storage.dll
0x00007ff8bf3e0000 - 0x00007ff8bf735000 	C:\WINDOWS\System32\combase.dll
0x00007ff8bc950000 - 0x00007ff8bc97e000 	C:\WINDOWS\SYSTEM32\Wldp.dll
0x00007ff8bded0000 - 0x00007ff8bdf7d000 	C:\WINDOWS\System32\SHCORE.dll
0x00007ff8bec40000 - 0x00007ff8bec95000 	C:\WINDOWS\System32\shlwapi.dll
0x00007ff8bceb0000 - 0x00007ff8bcecf000 	C:\WINDOWS\SYSTEM32\profapi.dll
0x00007ff8a97d0000 - 0x00007ff8a97e9000 	C:\Program Files\Java\jdk-16.0.1\bin\net.dll
0x00007ff8b1af0000 - 0x00007ff8b1bfc000 	C:\WINDOWS\SYSTEM32\WINHTTP.dll
0x00007ff8bc6b0000 - 0x00007ff8bc71a000 	C:\WINDOWS\system32\mswsock.dll
0x00007ff8a8f70000 - 0x00007ff8a8f83000 	C:\Program Files\Java\jdk-16.0.1\bin\nio.dll
0x00007ff8a7200000 - 0x00007ff8a7218000 	C:\Program Files\Java\jdk-16.0.1\bin\zip.dll
0x00007ff899e40000 - 0x00007ff899e84000 	D:\Webots\lib\controller\java\JavaController.dll
0x00007ff8b25d0000 - 0x00007ff8b25ec000 	D:\Webots\msys64\mingw64\bin\cpp\libgcc_s_seh-1.dll
0x00007ff887d10000 - 0x00007ff887ebe000 	D:\Webots\msys64\mingw64\bin\cpp\libstdc++-6.dll
0x00007ff8af920000 - 0x00007ff8af936000 	D:\Webots\msys64\mingw64\bin\cpp\libwinpthread-1.dll
0x00007ff8880d0000 - 0x00007ff888140000 	D:\Webots\lib\controller\CppController.dll
0x00007ff886e30000 - 0x00007ff886ebc000 	D:\Webots\lib\controller\Controller.dll
0x00007ff8a5c50000 - 0x00007ff8a5c6c000 	D:\Webots\projects\robots\gctronic\e-puck\plugins\robot_windows\e-puck\e-puck.dll
0x00007ff89dd00000 - 0x00007ff89dd25000 	D:\Webots\projects\robots\gctronic\e-puck\plugins\remote_controls\e-puck_bluetooth\e-puck_bluetooth.dll

dbghelp: loaded successfully - version: 4.0.5 - missing functions: none
symbol engine: initialized successfully - sym options: 0x614 - pdb path: .;C:\Program Files\Java\jdk-16.0.1\bin;C:\WINDOWS\SYSTEM32;C:\WINDOWS\WinSxS\amd64_microsoft.windows.common-controls_6595b64144ccf1df_6.0.19041.1110_none_60b5254171f9507e;C:\Program Files\Java\jdk-16.0.1\bin\server;D:\Webots\lib\controller\java;D:\Webots\msys64\mingw64\bin\cpp;D:\Webots\lib\controller;D:\Webots\projects\robots\gctronic\e-puck\plugins\robot_windows\e-puck;D:\Webots\projects\robots\gctronic\e-puck\plugins\remote_controls\e-puck_bluetooth

VM Arguments:
jvm_args: -Djava.library.path=D:/Webots/lib/controller/java 
java_command: EPuckGoForward
java_class_path (initial): D:/Webots/lib/controller/java/Controller.jar;D:/Stud/4-1/robotai/project/RobotProject/my_first_simulation/controllers/EPuckGoForward/
Launcher Type: SUN_STANDARD

[Global flags]
     intx CICompilerCount                          = 4                                         {product} {ergonomic}
     uint ConcGCThreads                            = 3                                         {product} {ergonomic}
     uint G1ConcRefinementThreads                  = 10                                        {product} {ergonomic}
   size_t G1HeapRegionSize                         = 1048576                                   {product} {ergonomic}
    uintx GCDrainStackTargetSize                   = 64                                        {product} {ergonomic}
   size_t InitialHeapSize                          = 132120576                                 {product} {ergonomic}
   size_t MarkStackSize                            = 4194304                                   {product} {ergonomic}
   size_t MaxHeapSize                              = 2109734912                                {product} {ergonomic}
   size_t MaxNewSize                               = 1265631232                                {product} {ergonomic}
   size_t MinHeapDeltaBytes                        = 1048576                                   {product} {ergonomic}
   size_t MinHeapSize                              = 8388608                                   {product} {ergonomic}
    uintx NonNMethodCodeHeapSize                   = 5839372                                {pd product} {ergonomic}
    uintx NonProfiledCodeHeapSize                  = 122909434                              {pd product} {ergonomic}
    uintx ProfiledCodeHeapSize                     = 122909434                              {pd product} {ergonomic}
    uintx ReservedCodeCacheSize                    = 251658240                              {pd product} {ergonomic}
     bool SegmentedCodeCache                       = true                                      {product} {ergonomic}
   size_t SoftMaxHeapSize                          = 2109734912                             {manageable} {ergonomic}
     bool UseCompressedClassPointers               = true                           {product lp64_product} {ergonomic}
     bool UseCompressedOops                        = true                           {product lp64_product} {ergonomic}
     bool UseG1GC                                  = true                                      {product} {ergonomic}
     bool UseLargePagesIndividualAllocation        = false                                  {pd product} {ergonomic}

Logging:
Log output configuration:
 #0: stdout all=warning uptime,level,tags
 #1: stderr all=off uptime,level,tags

Environment Variables:
PATH=D:\Webots\msys64\mingw64\bin\cpp;C:\Program Files\Common Files\Oracle\Java\javapath;C:\Program Files (x86)\Common Files\Oracle\Java\javapath;C:\Program Files (x86)\Intel\Intel(R) Management Engine Components\iCLS\;C:\Program Files\Intel\Intel(R) Management Engine Components\iCLS\;C:\Windows\system32;C:\Windows;C:\Windows\System32\Wbem;C:\Windows\System32\WindowsPowerShell\v1.0\;C:\Windows\System32\OpenSSH\;C:\Program Files (x86)\NVIDIA Corporation\PhysX\Common;C:\Program Files\NVIDIA Corporation\NVIDIA NvDLISR;C:\Program Files (x86)\Intel\Intel(R) Management Engine Components\DAL;C:\Program Files\Intel\Intel(R) Management Engine Components\DAL;C:\Program Files (x86)\Intel\Intel(R) Management Engine Components\IPT;C:\Program Files\Intel\Intel(R) Management Engine Components\IPT;C:\Program Files\Intel\WiFi\bin\;C:\Program Files\Common Files\Intel\WirelessCommon\;C:\WINDOWS\system32;C:\WINDOWS;C:\WINDOWS\System32\Wbem;C:\WINDOWS\System32\WindowsPowerShell\v1.0\;C:\WINDOWS\System32\OpenSSH\;C:\Program Files\PuTTY\;C:\Program Files\Microsoft SQL Server\130\Tools\Binn\;C:\Program Files\Git\cmd;C:\Program Files\Microsoft SQL Server\Client SDK\ODBC\170\Tools\Binn\;D:\Go\bin;D:\Program Files\MATLAB\R2020b\bin;C:\ProgramData\chocolatey\bin;C:\Program Files\dotnet\;C:\Users\laury\AppData\Roaming\local\bin;C:\Users\laury\AppData\Local\Microsoft\WindowsApps;C:\Users\laury\AppData\Local\Programs\Microsoft VS Code\bin;C:\Users\laury\go\bin;C:\Users\laury\AppData\Local\GitHubDesktop\bin;C:\Users\laury\AppData\Roaming\cabal\bin;C:\tools\ghc-9.0.1\bin;C:\tools\msys64;C:\Users\laury\.dotnet\tools;D:\Programs\MiKTeX\miktex\bin\x64\;D:\Webots\lib\controller
USERNAME=laury
OS=Windows_NT
PROCESSOR_IDENTIFIER=Intel64 Family 6 Model 158 Stepping 10, GenuineIntel



---------------  S Y S T E M  ---------------

OS:
 Windows 10 , 64 bit Build 19041 (10.0.19041.1348)
OS uptime: 12 days 17:49 hours

CPU: total 12 (initial active 12) (6 cores per cpu, 2 threads per core) family 6 model 158 stepping 10 microcode 0xca, cx8, cmov, fxsr, ht, mmx, 3dnowpref, sse, sse2, sse3, ssse3, sse4.1, sse4.2, popcnt, lzcnt, tsc, tscinvbit, avx, avx2, aes, erms, clmul, bmi1, bmi2, adx, fma, vzeroupper, clflush, clflushopt

Memory: 4k page, system-wide physical 8042M (1201M free)
TotalPageFile size 21213M (AvailPageFile size 6689M)
current process WorkingSet (physical memory assigned to process): 29M, peak: 29M
current process commit charge ("private bytes"): 212M, peak: 212M

vm_info: Java HotSpot(TM) 64-Bit Server VM (16.0.1+9-24) for windows-amd64 JRE (16.0.1+9-24), built on Mar 26 2021 19:31:42 by "mach5one" with MS VC++ 16.7 (VS2019)

END.
